<?xml version="1.0" encoding="UTF-8"?>
<!-- Generated by org.testng.reporters.JUnitXMLReporter -->
<testsuite hostname="meomeo-PC" ignored="0" name="Default test" tests="3" failures="0" timestamp="09 Aug 2017 06:16:28 GMT" time="1.04" errors="0">
  <testcase name="testLog" time="0.005" classname="com.eCommerce.testDataDriverScript"/>
  <testcase name="testLog" time="0.0" classname="com.eCommerce.testDataDriverScript"/>
  <testcase name="testLog" time="0.003" classname="com.eCommerce.testDataDriverScript"/>
</testsuite> <!-- Default test -->
